TN:
SF:src/App.tsx
FN:18,App
FNF:1
FNH:1
FNDA:1,App
DA:1,1
DA:2,1
DA:3,1
DA:4,1
DA:5,1
DA:6,1
DA:8,1
DA:9,1
DA:10,1
DA:11,1
DA:12,1
DA:13,1
DA:14,1
DA:15,1
DA:16,1
DA:18,1
DA:19,1
DA:20,1
DA:21,1
DA:22,1
DA:23,1
DA:24,1
DA:25,1
DA:26,1
DA:27,1
DA:28,1
DA:29,1
DA:30,1
DA:32,1
DA:33,1
DA:34,1
DA:35,1
DA:36,1
DA:37,1
DA:38,1
DA:40,1
DA:41,1
DA:42,1
DA:43,1
DA:44,1
DA:45,1
DA:46,1
DA:48,1
DA:49,1
DA:50,1
DA:51,1
DA:52,1
DA:53,1
DA:54,1
DA:56,1
DA:57,1
DA:58,1
DA:59,1
DA:60,1
DA:61,1
DA:62,1
DA:64,1
DA:65,1
DA:66,1
DA:67,1
DA:68,1
DA:69,1
DA:70,1
DA:72,1
DA:81,1
DA:82,1
DA:83,1
DA:84,1
DA:85,1
DA:86,1
DA:88,1
DA:89,1
DA:90,1
DA:91,1
DA:92,1
DA:93,1
DA:94,1
DA:96,1
DA:97,1
DA:98,1
DA:99,1
DA:100,1
DA:101,1
DA:102,1
DA:104,1
DA:106,1
LF:86
LH:86
BRDA:8,0,0,1
BRDA:18,1,0,1
BRF:2
BRH:2
end_of_record
TN:
SF:src/main.tsx
FN:1,(empty-report)
FNF:1
FNH:0
FNDA:0,(empty-report)
DA:1,0
DA:2,0
DA:3,0
DA:4,0
DA:5,0
DA:7,0
DA:9,0
DA:10,0
DA:11,0
DA:12,0
DA:13,0
DA:14,0
DA:15,0
LF:13
LH:0
BRDA:1,0,0,0
BRF:1
BRH:0
end_of_record
TN:
SF:src/app/config/antd-theme.ts
FNF:0
FNH:0
DA:2,1
DA:4,1
DA:5,1
DA:6,1
DA:7,1
DA:8,1
DA:9,1
DA:10,1
DA:11,1
DA:12,1
DA:13,1
DA:14,1
DA:26,1
DA:27,1
DA:28,1
DA:29,1
DA:30,1
DA:31,1
DA:32,1
DA:33,1
DA:35,1
DA:36,1
DA:37,1
DA:38,1
DA:39,1
DA:40,1
DA:41,1
DA:42,1
DA:43,1
DA:44,1
DA:45,1
DA:46,1
DA:47,1
DA:48,1
DA:49,1
DA:50,1
DA:51,1
DA:52,1
DA:53,1
DA:54,1
DA:55,1
DA:56,1
DA:57,1
DA:58,1
DA:59,1
LF:45
LH:45
BRF:0
BRH:0
end_of_record
TN:
SF:src/app/layouts/main-layout/main-layout.tsx
FN:10,MainLayout
FNF:1
FNH:1
FNDA:3,MainLayout
DA:2,1
DA:3,1
DA:4,1
DA:10,1
DA:11,3
DA:13,3
DA:14,3
DA:15,3
DA:16,3
DA:17,3
DA:18,3
DA:19,3
DA:20,3
DA:21,3
DA:23,3
LF:15
LH:15
BRDA:10,0,0,3
BRF:1
BRH:1
end_of_record
TN:
SF:src/entities/cart/api.ts
FN:4,fetchCart
FN:9,getCartTotal
FN:14,addToCart
FN:25,updateCartQuantity
FN:35,removeFromCart
FN:39,clearCart
FNF:6
FNH:6
FNDA:1,fetchCart
FNDA:2,getCartTotal
FNDA:1,addToCart
FNDA:1,updateCartQuantity
FNDA:1,removeFromCart
FNDA:1,clearCart
DA:1,1
DA:4,1
DA:5,1
DA:6,1
DA:7,1
DA:9,1
DA:10,2
DA:11,1
DA:12,1
DA:14,1
DA:15,1
DA:16,1
DA:17,1
DA:20,1
DA:21,1
DA:22,1
DA:23,1
DA:25,1
DA:26,1
DA:27,1
DA:28,1
DA:31,1
DA:32,1
DA:33,1
DA:35,1
DA:36,1
DA:37,1
DA:39,1
DA:40,1
DA:41,1
LF:30
LH:30
BRDA:4,0,0,1
BRDA:9,1,0,2
BRDA:10,2,0,1
BRDA:14,3,0,1
BRDA:25,4,0,1
BRDA:35,5,0,1
BRDA:39,6,0,1
BRF:7
BRH:7
end_of_record
TN:
SF:src/entities/cart/hooks.ts
FN:6,useCart
FN:14,useAddToCart
FN:18,onSuccess
FN:25,useGetCartTotal
FN:32,useUpdateCartQuantity
FN:36,onSuccess
FN:43,useRemoveFromCart
FN:47,onSuccess
FN:54,useClearCart
FN:58,onSuccess
FNF:10
FNH:10
FNDA:1,useCart
FNDA:3,useAddToCart
FNDA:1,onSuccess
FNDA:4,useGetCartTotal
FNDA:1,useUpdateCartQuantity
FNDA:1,onSuccess
FNDA:1,useRemoveFromCart
FNDA:1,onSuccess
FNDA:1,useClearCart
FNDA:1,onSuccess
DA:1,1
DA:2,1
DA:3,1
DA:6,1
DA:7,1
DA:8,1
DA:9,1
DA:10,1
DA:11,1
DA:12,1
DA:14,1
DA:15,3
DA:16,3
DA:17,3
DA:18,3
DA:19,1
DA:20,1
DA:21,1
DA:22,3
DA:23,3
DA:25,1
DA:26,4
DA:27,4
DA:28,4
DA:29,4
DA:30,4
DA:32,1
DA:33,1
DA:34,1
DA:35,1
DA:36,1
DA:37,1
DA:38,1
DA:39,1
DA:40,1
DA:41,1
DA:43,1
DA:44,1
DA:45,1
DA:46,1
DA:47,1
DA:48,1
DA:49,1
DA:50,1
DA:51,1
DA:52,1
DA:54,1
DA:55,1
DA:56,1
DA:57,1
DA:58,1
DA:59,1
DA:60,1
DA:61,1
DA:62,1
DA:63,1
LF:56
LH:56
BRDA:6,0,0,1
BRDA:14,1,0,3
BRDA:18,2,0,1
BRDA:25,3,0,4
BRDA:32,4,0,1
BRDA:36,5,0,1
BRDA:43,6,0,1
BRDA:47,7,0,1
BRDA:54,8,0,1
BRDA:58,9,0,1
BRF:10
BRH:10
end_of_record
TN:
SF:src/entities/cart/model.ts
FN:1,(empty-report)
FNF:1
FNH:1
FNDA:1,(empty-report)
LF:0
LH:0
BRDA:1,0,0,1
BRF:1
BRH:1
end_of_record
TN:
SF:src/entities/favorites/api.ts
FN:4,fetchFavorites
FN:9,addFavorite
FN:13,removeFavorite
FN:17,clearFavorites
FNF:4
FNH:4
FNDA:1,fetchFavorites
FNDA:1,addFavorite
FNDA:1,removeFavorite
FNDA:1,clearFavorites
DA:1,1
DA:4,1
DA:5,1
DA:6,1
DA:7,1
DA:9,1
DA:10,1
DA:11,1
DA:13,1
DA:14,1
DA:15,1
DA:17,1
DA:18,1
DA:19,1
LF:14
LH:14
BRDA:4,0,0,1
BRDA:9,1,0,1
BRDA:13,2,0,1
BRDA:17,3,0,1
BRF:4
BRH:4
end_of_record
TN:
SF:src/entities/favorites/hooks.ts
FN:6,useFavorites
FN:14,useAddFavorite
FN:19,onSuccess
FN:25,useRemoveFavorite
FN:30,onSuccess
FN:36,useClearFavorites
FN:41,onSuccess
FNF:7
FNH:7
FNDA:2,useFavorites
FNDA:1,useAddFavorite
FNDA:1,onSuccess
FNDA:2,useRemoveFavorite
FNDA:1,onSuccess
FNDA:1,useClearFavorites
FNDA:1,onSuccess
DA:1,1
DA:2,1
DA:4,1
DA:6,1
DA:7,2
DA:8,2
DA:9,2
DA:10,2
DA:11,2
DA:12,2
DA:14,1
DA:15,1
DA:17,1
DA:18,1
DA:19,1
DA:20,1
DA:21,1
DA:22,1
DA:23,1
DA:25,1
DA:26,2
DA:28,2
DA:29,2
DA:30,2
DA:31,1
DA:32,1
DA:33,2
DA:34,2
DA:36,1
DA:37,1
DA:39,1
DA:40,1
DA:41,1
DA:42,1
DA:43,1
DA:44,1
DA:45,1
LF:37
LH:37
BRDA:6,0,0,2
BRDA:14,1,0,1
BRDA:19,2,0,1
BRDA:25,3,0,2
BRDA:30,4,0,1
BRDA:36,5,0,1
BRDA:41,6,0,1
BRF:7
BRH:7
end_of_record
TN:
SF:src/entities/favorites/model.ts
FN:1,(empty-report)
FNF:1
FNH:1
FNDA:1,(empty-report)
LF:0
LH:0
BRDA:1,0,0,1
BRF:1
BRH:1
end_of_record
TN:
SF:src/entities/favorites/store.ts
FN:1,(empty-report)
FNF:1
FNH:1
FNDA:1,(empty-report)
LF:0
LH:0
BRDA:1,0,0,1
BRF:1
BRH:1
end_of_record
TN:
SF:src/entities/product/api.ts
FN:11,fetchProducts
FN:16,fetchProductById
FNF:2
FNH:2
FNDA:1,fetchProducts
FNDA:1,fetchProductById
DA:1,1
DA:11,1
DA:12,1
DA:13,1
DA:14,1
DA:16,1
DA:17,1
DA:18,1
DA:19,1
LF:9
LH:9
BRDA:11,0,0,1
BRDA:16,1,0,1
BRF:2
BRH:2
end_of_record
TN:
SF:src/entities/product/hooks.ts
FN:5,useProducts
FN:8,queryFn
FN:12,useProductById
FN:15,queryFn
FNF:4
FNH:4
FNDA:2,useProducts
FNDA:1,queryFn
FNDA:3,useProductById
FNDA:1,queryFn
DA:1,1
DA:2,1
DA:5,1
DA:6,2
DA:7,2
DA:8,2
DA:9,2
DA:10,2
DA:12,1
DA:13,3
DA:14,3
DA:15,3
DA:16,3
DA:17,3
DA:18,3
LF:15
LH:15
BRDA:5,0,0,2
BRDA:8,1,0,1
BRDA:12,2,0,3
BRDA:15,3,0,1
BRF:4
BRH:4
end_of_record
TN:
SF:src/entities/product/model.ts
FN:1,(empty-report)
FNF:1
FNH:1
FNDA:1,(empty-report)
LF:0
LH:0
BRDA:1,0,0,1
BRF:1
BRH:1
end_of_record
TN:
SF:src/entities/product/store.ts
FN:1,(empty-report)
FNF:1
FNH:1
FNDA:1,(empty-report)
LF:0
LH:0
BRDA:1,0,0,1
BRF:1
BRH:1
end_of_record
TN:
SF:src/entities/user/api.ts
FN:4,login
FN:9,register
FN:14,getMe
FNF:3
FNH:3
FNDA:1,login
FNDA:1,register
FNDA:1,getMe
DA:1,1
DA:4,1
DA:5,1
DA:6,1
DA:7,1
DA:9,1
DA:10,1
DA:11,1
DA:12,1
DA:14,1
DA:15,1
DA:16,1
DA:17,1
LF:13
LH:13
BRDA:4,0,0,1
BRDA:9,1,0,1
BRDA:14,2,0,1
BRF:3
BRH:3
end_of_record
TN:
SF:src/entities/user/hooks.ts
FN:8,useLogin
FN:13,onSuccess
FN:20,useRegister
FN:25,onSuccess
FN:32,useMe
FNF:5
FNH:5
FNDA:5,useLogin
FNDA:1,onSuccess
FNDA:5,useRegister
FNDA:1,onSuccess
FNDA:5,useMe
DA:1,1
DA:2,1
DA:3,1
DA:5,1
DA:6,1
DA:8,1
DA:9,5
DA:11,5
DA:12,5
DA:13,5
DA:14,1
DA:15,1
DA:16,1
DA:17,5
DA:18,5
DA:20,1
DA:21,5
DA:23,5
DA:24,5
DA:25,5
DA:26,1
DA:27,1
DA:28,1
DA:29,5
DA:30,5
DA:32,1
DA:33,5
DA:35,5
DA:36,5
DA:37,5
DA:38,5
DA:39,5
DA:40,5
DA:42,5
DA:43,3
DA:44,1
DA:45,1
DA:46,5
DA:48,5
DA:49,5
LF:40
LH:40
BRDA:8,0,0,5
BRDA:9,1,0,15
BRDA:13,2,0,1
BRDA:20,3,0,5
BRDA:21,4,0,15
BRDA:25,5,0,1
BRDA:32,6,0,5
BRDA:33,7,0,15
BRDA:42,8,0,3
BRDA:43,9,0,1
BRF:10
BRH:10
end_of_record
TN:
SF:src/entities/user/model.ts
FN:1,(empty-report)
FNF:1
FNH:1
FNDA:1,(empty-report)
LF:0
LH:0
BRDA:1,0,0,1
BRF:1
BRH:1
end_of_record
TN:
SF:src/entities/user/store.ts
FN:12,setUser
FNF:1
FNH:1
FNDA:3,setUser
DA:1,1
DA:10,1
DA:11,2
DA:12,2
DA:13,2
DA:14,1
LF:6
LH:6
BRDA:10,0,0,2
BRDA:12,1,0,3
BRF:2
BRH:2
end_of_record
TN:
SF:src/features/modals/login-modal/login-modal.tsx
FN:12,LoginModal
FN:16,handleSubmit
FN:30,switchMode
FNF:3
FNH:1
FNDA:3,LoginModal
FNDA:0,handleSubmit
FNDA:0,switchMode
DA:2,1
DA:3,1
DA:12,1
DA:13,3
DA:14,3
DA:16,3
DA:17,0
DA:18,0
DA:19,0
DA:20,0
DA:21,0
DA:22,0
DA:23,0
DA:24,0
DA:25,0
DA:26,0
DA:27,0
DA:28,0
DA:30,3
DA:31,0
DA:32,0
DA:33,0
DA:35,3
DA:36,3
DA:37,3
DA:38,3
DA:39,3
DA:40,3
DA:41,3
DA:43,3
DA:44,3
DA:45,3
DA:46,3
DA:48,3
DA:49,3
DA:50,3
DA:51,3
DA:52,3
DA:53,3
DA:54,3
DA:56,3
DA:57,3
DA:59,3
DA:60,3
DA:61,3
DA:62,3
DA:63,3
DA:65,3
DA:66,3
DA:69,3
DA:70,3
DA:71,3
DA:72,3
DA:73,3
DA:74,3
DA:75,3
DA:77,3
DA:78,3
DA:80,3
DA:81,3
DA:82,3
DA:83,3
DA:84,3
DA:85,3
DA:87,3
DA:89,0
DA:90,0
DA:91,0
DA:92,0
DA:93,0
DA:95,0
DA:97,3
DA:98,3
DA:99,3
DA:100,3
DA:102,3
LF:76
LH:55
BRDA:12,0,0,3
BRDA:39,1,0,0
BRDA:77,2,0,0
BRDA:87,3,0,0
BRF:4
BRH:1
end_of_record
TN:
SF:src/features/modals/register-modal/register-modal.tsx
FN:11,RegisterModal
FN:14,handleSubmit
FN:109,RegisterModal.children.children.children.children.rules
FN:129,validator
FNF:4
FNH:1
FNDA:3,RegisterModal
FNDA:0,handleSubmit
FNDA:0,RegisterModal.children.children.children.children.rules
FNDA:0,validator
DA:2,1
DA:11,1
DA:12,3
DA:14,3
DA:15,0
DA:16,0
DA:17,0
DA:18,0
DA:19,0
DA:20,0
DA:21,0
DA:22,0
DA:23,0
DA:24,0
DA:25,0
DA:26,0
DA:27,0
DA:29,3
DA:30,3
DA:31,3
DA:32,3
DA:33,3
DA:34,3
DA:35,3
DA:36,3
DA:38,3
DA:39,3
DA:40,3
DA:41,3
DA:42,3
DA:43,3
DA:44,3
DA:46,3
DA:47,3
DA:48,3
DA:49,3
DA:50,3
DA:51,3
DA:52,3
DA:53,3
DA:55,3
DA:56,3
DA:57,3
DA:58,3
DA:60,3
DA:61,3
DA:62,3
DA:63,3
DA:64,3
DA:65,3
DA:66,3
DA:67,3
DA:68,3
DA:69,3
DA:70,3
DA:72,3
DA:73,3
DA:74,3
DA:75,3
DA:77,3
DA:78,3
DA:79,3
DA:80,3
DA:81,3
DA:82,3
DA:83,3
DA:84,3
DA:85,3
DA:87,3
DA:88,3
DA:89,3
DA:90,3
DA:91,3
DA:92,3
DA:93,3
DA:94,3
DA:96,3
DA:97,3
DA:98,3
DA:99,3
DA:101,3
DA:102,3
DA:103,3
DA:104,3
DA:105,3
DA:106,3
DA:107,3
DA:108,3
DA:109,3
DA:110,0
DA:111,0
DA:112,0
DA:113,0
DA:114,0
DA:115,0
DA:116,0
DA:117,3
DA:119,3
DA:120,3
DA:121,3
DA:123,3
DA:124,3
DA:125,3
DA:126,3
DA:127,3
DA:128,3
DA:129,3
DA:130,0
DA:131,0
DA:132,0
DA:133,3
DA:134,3
DA:136,3
DA:137,3
DA:138,3
DA:139,3
DA:141,3
DA:142,3
DA:143,3
DA:144,3
DA:146,3
DA:147,3
DA:148,3
DA:149,3
DA:150,3
DA:152,3
DA:154,3
DA:155,3
DA:156,3
DA:157,3
DA:159,3
LF:131
LH:108
BRDA:11,0,0,3
BRF:1
BRH:1
end_of_record
TN:
SF:src/pages/404/ui/404.tsx
FN:4,Page404
FNF:1
FNH:1
FNDA:1,Page404
DA:1,1
DA:2,1
DA:4,1
DA:5,1
DA:6,1
DA:7,1
DA:8,1
DA:10,1
LF:8
LH:8
BRDA:4,0,0,1
BRF:1
BRH:1
end_of_record
TN:
SF:src/pages/about/about.tsx
FN:5,About
FNF:1
FNH:1
FNDA:1,About
DA:1,1
DA:2,1
DA:3,1
DA:5,1
DA:6,1
DA:7,1
DA:8,1
DA:9,1
DA:10,1
DA:11,1
DA:13,1
DA:14,1
DA:15,1
DA:16,1
DA:18,1
DA:19,1
DA:20,1
DA:21,1
DA:22,1
DA:23,1
DA:25,1
DA:26,1
DA:27,1
DA:29,1
DA:30,1
DA:31,1
DA:32,1
DA:36,1
DA:37,1
DA:41,1
DA:42,1
DA:43,1
DA:47,1
DA:51,1
DA:53,1
DA:54,1
DA:55,1
DA:56,1
DA:57,1
DA:59,1
DA:60,1
DA:61,1
DA:62,1
DA:64,1
LF:44
LH:44
BRDA:5,0,0,1
BRDA:6,1,0,1
BRDA:18,2,0,1
BRF:3
BRH:3
end_of_record
TN:
SF:src/pages/cart/cart.tsx
FN:9,Cart
FN:20,handleQuantityChange
FN:24,handleToggleSelect
FN:31,handleClearCart
FNF:4
FNH:1
FNDA:1,Cart
FNDA:0,handleQuantityChange
FNDA:0,handleToggleSelect
FNDA:0,handleClearCart
DA:1,1
DA:2,1
DA:3,1
DA:4,1
DA:5,1
DA:7,1
DA:9,1
DA:10,1
DA:11,1
DA:12,1
DA:13,1
DA:14,1
DA:16,1
DA:18,1
DA:20,1
DA:21,0
DA:22,0
DA:24,1
DA:25,0
DA:26,0
DA:27,0
DA:28,0
DA:29,0
DA:31,1
DA:32,0
DA:33,0
DA:34,0
DA:35,0
DA:36,0
DA:37,0
DA:38,0
DA:39,0
DA:42,1
DA:43,1
DA:44,1
DA:45,1
DA:47,1
DA:48,1
DA:49,1
DA:50,1
DA:52,1
DA:53,1
DA:54,1
DA:55,1
DA:56,1
DA:57,1
DA:59,1
DA:60,1
DA:62,1
DA:63,1
DA:64,1
DA:65,1
DA:66,0
DA:67,0
DA:68,0
DA:69,0
DA:70,0
DA:71,0
DA:72,0
DA:73,0
DA:74,0
DA:75,1
DA:76,1
DA:78,1
DA:79,1
DA:80,1
DA:82,1
DA:83,1
DA:84,1
DA:85,1
DA:87,1
DA:88,1
DA:89,1
DA:90,1
DA:91,1
DA:92,1
DA:94,1
DA:96,1
DA:97,1
DA:98,1
DA:99,1
DA:101,1
DA:102,1
DA:103,1
DA:104,1
DA:105,1
DA:106,1
DA:107,1
DA:109,1
DA:111,1
DA:113,1
DA:114,1
DA:115,1
DA:116,1
DA:117,1
DA:119,1
LF:96
LH:72
BRDA:9,0,0,1
BRDA:16,1,0,0
BRDA:44,2,0,0
BRDA:44,3,0,0
BRDA:65,4,0,0
BRDA:90,5,0,0
BRF:6
BRH:1
end_of_record
TN:
SF:src/pages/catalog/catalog.tsx
FN:28,Catalog
FN:45,handleAddToCart
FN:57,handleChange
FN:76,onChange
FN:100,onToggleFavorite
FNF:5
FNH:2
FNDA:2,Catalog
FNDA:2,handleAddToCart
FNDA:0,handleChange
FNDA:0,onChange
FNDA:0,onToggleFavorite
DA:1,1
DA:2,1
DA:3,1
DA:4,1
DA:5,1
DA:6,1
DA:7,1
DA:9,1
DA:10,1
DA:11,1
DA:12,1
DA:14,1
DA:16,1
DA:17,1
DA:18,1
DA:19,1
DA:20,1
DA:21,1
DA:22,1
DA:23,1
DA:24,1
DA:25,1
DA:26,1
DA:27,1
DA:28,1
DA:29,2
DA:30,2
DA:31,2
DA:32,2
DA:33,2
DA:34,2
DA:35,2
DA:38,2
DA:40,2
DA:41,2
DA:42,2
DA:43,2
DA:45,2
DA:46,0
DA:47,0
DA:48,0
DA:49,0
DA:51,0
DA:52,0
DA:53,0
DA:54,0
DA:55,0
DA:57,2
DA:58,0
DA:59,0
DA:60,0
DA:61,0
DA:62,0
DA:63,0
DA:66,2
DA:67,2
DA:68,2
DA:69,2
DA:70,2
DA:71,2
DA:72,2
DA:73,20
DA:74,20
DA:75,20
DA:76,20
DA:78,20
DA:79,20
DA:80,2
DA:81,2
DA:82,2
DA:83,2
DA:85,2
DA:86,2
DA:87,2
DA:88,2
DA:89,2
DA:90,2
DA:91,2
DA:92,2
DA:93,2
DA:94,2
DA:97,2
DA:99,2
DA:100,2
DA:101,2
DA:103,2
DA:104,2
DA:105,2
DA:106,2
DA:107,2
DA:109,2
LF:91
LH:76
BRDA:28,0,0,2
BRDA:99,1,0,1
BRDA:101,2,0,1
BRDA:40,3,0,2
BRDA:45,4,0,2
BRDA:72,5,0,20
BRDA:99,6,0,2
BRF:7
BRH:7
end_of_record
TN:
SF:src/pages/contacts/contacts.tsx
FN:15,Contacts
FNF:1
FNH:1
FNDA:4,Contacts
DA:1,1
DA:8,1
DA:9,1
DA:11,1
DA:13,1
DA:15,1
DA:16,4
DA:17,4
DA:18,4
DA:19,4
DA:20,4
DA:21,4
DA:22,4
DA:23,4
DA:24,4
DA:25,4
DA:26,4
DA:27,4
DA:28,4
DA:29,4
DA:30,4
DA:31,4
DA:32,4
DA:33,4
DA:34,4
DA:35,4
DA:36,4
DA:37,4
DA:38,4
DA:39,4
DA:40,4
DA:41,4
DA:42,4
DA:43,4
DA:44,4
DA:45,4
DA:46,4
DA:47,4
DA:48,4
DA:49,4
DA:50,4
DA:51,4
DA:52,4
DA:53,4
DA:54,4
DA:55,4
DA:56,4
DA:57,4
DA:58,4
DA:59,4
DA:60,4
DA:61,4
DA:62,4
DA:63,4
DA:64,4
DA:65,4
DA:66,4
DA:67,4
DA:68,4
DA:69,4
DA:70,4
DA:71,4
DA:72,4
DA:73,4
DA:74,4
DA:75,4
DA:76,4
DA:77,4
DA:79,4
DA:80,4
DA:81,4
DA:82,4
DA:83,4
DA:85,4
DA:86,4
DA:88,4
DA:89,4
DA:90,12
DA:91,12
DA:92,12
DA:93,12
DA:94,24
DA:95,24
DA:96,24
DA:97,24
DA:98,24
DA:99,24
DA:100,24
DA:102,24
DA:103,24
DA:104,24
DA:105,24
DA:106,24
DA:107,24
DA:108,24
DA:109,12
DA:110,12
DA:111,12
DA:112,4
DA:113,4
DA:115,4
DA:117,4
DA:118,4
DA:119,4
DA:120,4
DA:121,4
DA:122,4
DA:123,4
DA:124,4
DA:125,4
DA:126,4
DA:127,4
DA:128,4
DA:130,4
LF:114
LH:114
BRDA:15,0,0,4
BRDA:89,1,0,12
BRDA:93,2,0,24
BRF:3
BRH:3
end_of_record
TN:
SF:src/pages/delivery/delivery.tsx
FN:6,Delivery
FNF:1
FNH:1
FNDA:1,Delivery
DA:1,1
DA:2,1
DA:4,1
DA:6,1
DA:7,1
DA:8,1
DA:9,1
DA:10,1
DA:11,1
DA:12,1
DA:13,1
DA:14,1
DA:15,1
DA:16,1
DA:17,1
DA:18,1
DA:19,1
DA:20,1
DA:21,1
DA:22,1
DA:23,1
DA:24,1
DA:25,1
DA:26,1
DA:27,1
DA:28,1
DA:29,1
DA:30,1
DA:31,1
DA:32,1
DA:33,1
DA:34,1
DA:35,1
DA:36,1
DA:37,1
DA:38,1
DA:39,1
DA:40,1
DA:41,1
DA:42,1
DA:43,1
DA:44,1
DA:45,1
DA:46,1
DA:47,1
DA:48,1
DA:49,1
DA:50,1
DA:51,1
DA:52,1
DA:53,1
DA:54,1
DA:55,1
DA:56,1
DA:57,1
DA:58,1
DA:59,1
DA:61,1
DA:62,1
DA:63,1
DA:64,1
DA:67,1
DA:69,1
DA:70,1
DA:73,1
DA:74,1
DA:76,1
DA:77,1
DA:78,1
DA:80,1
DA:81,1
DA:82,3
DA:83,3
DA:84,3
DA:85,3
DA:86,3
DA:87,3
DA:88,3
DA:89,3
DA:90,3
DA:91,3
DA:92,3
DA:93,3
DA:94,1
DA:96,1
DA:98,3
DA:101,3
DA:102,3
DA:104,3
DA:106,3
DA:107,3
DA:108,3
DA:109,9
DA:110,9
DA:111,9
DA:112,3
DA:113,3
DA:115,3
DA:117,3
DA:118,3
DA:119,3
DA:120,9
DA:121,9
DA:122,9
DA:123,3
DA:124,3
DA:126,3
DA:128,3
DA:129,3
DA:130,3
DA:131,3
DA:132,1
DA:133,1
DA:135,1
DA:136,1
DA:137,1
DA:138,1
DA:140,1
DA:141,1
DA:142,1
DA:144,1
DA:145,1
DA:146,1
DA:147,1
DA:148,1
DA:149,1
DA:150,1
DA:151,1
DA:153,1
LF:129
LH:129
BRDA:6,0,0,1
BRDA:81,1,0,3
BRDA:93,2,0,1
BRDA:108,3,0,9
BRDA:119,4,0,9
BRF:5
BRH:5
end_of_record
TN:
SF:src/pages/favorites/favorites.tsx
FN:25,Favorites
FN:31,handleAddToCart
FN:71,onToggleFavorite
FNF:3
FNH:2
FNDA:3,Favorites
FNDA:2,handleAddToCart
FNDA:0,onToggleFavorite
DA:1,1
DA:2,1
DA:3,1
DA:4,1
DA:5,1
DA:8,1
DA:9,1
DA:10,1
DA:11,1
DA:12,1
DA:13,1
DA:14,1
DA:15,1
DA:16,1
DA:17,1
DA:18,1
DA:19,1
DA:20,1
DA:21,1
DA:23,1
DA:25,1
DA:26,3
DA:27,3
DA:28,3
DA:29,3
DA:31,3
DA:32,0
DA:33,0
DA:34,0
DA:35,0
DA:37,0
DA:38,0
DA:39,0
DA:40,0
DA:41,0
DA:43,3
DA:44,3
DA:45,3
DA:46,3
DA:48,3
DA:49,3
DA:50,3
DA:51,3
DA:52,3
DA:53,3
DA:54,3
DA:55,3
DA:56,3
DA:57,3
DA:59,3
DA:60,3
DA:62,3
DA:63,1
DA:64,1
DA:65,2
DA:66,2
DA:67,2
DA:68,2
DA:69,2
DA:70,2
DA:71,2
DA:72,2
DA:73,2
DA:74,1
DA:75,1
DA:76,2
DA:78,3
DA:79,3
DA:81,3
LF:69
LH:60
BRDA:25,0,0,3
BRDA:60,1,0,1
BRDA:62,2,0,1
BRDA:75,3,0,2
BRDA:31,4,0,2
BRDA:64,5,0,2
BRF:6
BRH:6
end_of_record
TN:
SF:src/pages/main/ui/main-page.tsx
FN:11,MainPage
FN:30,handleAddToCart
FN:52,onToggleFavorite
FN:55,onToggleFavorite
FN:58,onToggleFavorite
FNF:5
FNH:2
FNDA:1,MainPage
FNDA:9,handleAddToCart
FNDA:0,onToggleFavorite
FNDA:0,onToggleFavorite
FNDA:0,onToggleFavorite
DA:1,1
DA:3,1
DA:4,1
DA:5,1
DA:6,1
DA:7,1
DA:8,1
DA:9,1
DA:11,1
DA:12,1
DA:13,1
DA:14,1
DA:15,1
DA:16,1
DA:17,1
DA:19,1
DA:20,9
DA:21,9
DA:22,9
DA:23,9
DA:24,1
DA:26,1
DA:27,1
DA:28,1
DA:30,1
DA:31,0
DA:32,0
DA:33,0
DA:34,0
DA:36,0
DA:37,0
DA:38,0
DA:39,0
DA:40,0
DA:43,1
DA:44,1
DA:45,1
DA:46,1
DA:50,1
DA:51,1
DA:52,1
DA:53,1
DA:54,1
DA:55,1
DA:56,1
DA:57,1
DA:58,1
DA:59,1
DA:60,1
DA:63,1
DA:64,1
DA:65,1
DA:67,1
LF:53
LH:44
BRDA:11,0,0,1
BRDA:19,1,0,9
BRDA:22,2,0,17
BRDA:30,3,0,9
BRDA:52,4,0,3
BRDA:55,5,0,3
BRDA:58,6,0,3
BRF:7
BRH:7
end_of_record
TN:
SF:src/pages/payment/payment.tsx
FN:6,Payment
FNF:1
FNH:1
FNDA:1,Payment
DA:1,1
DA:2,1
DA:4,1
DA:6,1
DA:7,1
DA:8,1
DA:9,1
DA:10,1
DA:11,1
DA:12,1
DA:13,1
DA:14,1
DA:15,1
DA:16,1
DA:17,1
DA:18,1
DA:19,1
DA:20,1
DA:21,1
DA:22,1
DA:23,1
DA:24,1
DA:25,1
DA:26,1
DA:27,1
DA:28,1
DA:29,1
DA:30,1
DA:31,1
DA:32,1
DA:33,1
DA:34,1
DA:35,1
DA:36,1
DA:37,1
DA:38,1
DA:39,1
DA:40,1
DA:41,1
DA:42,1
DA:43,1
DA:44,1
DA:46,1
DA:47,1
DA:48,1
DA:49,1
DA:52,1
DA:54,1
DA:55,1
DA:56,1
DA:58,1
DA:59,1
DA:60,3
DA:61,3
DA:62,3
DA:63,3
DA:64,3
DA:65,3
DA:66,3
DA:67,3
DA:68,3
DA:69,3
DA:70,3
DA:71,3
DA:74,3
DA:75,3
DA:77,3
DA:79,3
DA:80,3
DA:81,9
DA:82,9
DA:83,9
DA:84,3
DA:85,3
DA:87,3
DA:89,3
DA:90,3
DA:91,3
DA:92,3
DA:93,1
DA:94,1
DA:96,1
DA:97,1
DA:98,1
DA:101,1
DA:102,1
DA:103,1
DA:105,1
LF:88
LH:88
BRDA:6,0,0,1
BRDA:59,1,0,3
BRDA:80,2,0,9
BRF:3
BRH:3
end_of_record
TN:
SF:src/shared/api/http.ts
FNF:0
FNH:0
DA:1,1
DA:2,1
DA:4,1
DA:6,1
DA:8,1
DA:9,1
DA:10,1
DA:11,1
DA:12,1
DA:13,1
DA:15,1
DA:16,1
DA:17,1
DA:18,0
DA:19,0
DA:20,1
DA:21,1
DA:22,0
DA:23,0
DA:25,1
LF:20
LH:16
BRDA:15,0,0,1
BRDA:17,1,0,0
BRF:2
BRH:1
end_of_record
TN:
SF:src/shared/components/block-with-title/block-with-title.tsx
FN:11,BlockWithTitle
FNF:1
FNH:1
FNDA:5,BlockWithTitle
DA:11,1
DA:12,5
DA:13,5
DA:14,5
DA:15,5
DA:16,5
DA:17,5
DA:18,5
DA:19,5
DA:20,5
DA:21,5
DA:22,5
DA:24,5
LF:13
LH:13
BRDA:11,0,0,5
BRF:1
BRH:1
end_of_record
TN:
SF:src/shared/components/card/goods-card.tsx
FN:64,onClick
FNF:1
FNH:1
FNDA:1,onClick
DA:1,1
DA:2,1
DA:3,1
DA:4,1
DA:5,1
DA:6,1
DA:7,1
DA:8,1
DA:20,1
DA:21,16
DA:22,16
DA:23,16
DA:24,16
DA:25,16
DA:26,16
DA:27,16
DA:28,16
DA:31,16
DA:32,16
DA:33,16
DA:35,16
DA:36,16
DA:37,16
DA:38,16
DA:39,16
DA:40,16
DA:41,16
DA:42,16
DA:43,16
DA:45,16
DA:46,16
DA:47,16
DA:48,16
DA:50,16
DA:51,16
DA:52,16
DA:53,16
DA:54,16
DA:56,16
DA:57,16
DA:58,16
DA:60,16
DA:61,16
DA:62,16
DA:63,16
DA:64,16
DA:65,16
DA:67,16
DA:68,16
DA:69,16
DA:71,16
LF:51
LH:51
BRDA:20,0,0,16
BRDA:38,1,0,4
BRDA:38,2,0,12
BRDA:40,3,0,4
BRDA:40,4,0,12
BRDA:64,5,0,1
BRF:6
BRH:6
end_of_record
TN:
SF:src/shared/components/product-grid/product-grid.tsx
FNF:0
FNH:0
DA:1,1
DA:2,1
DA:8,1
DA:9,3
DA:10,3
LF:5
LH:5
BRDA:8,0,0,3
BRF:1
BRH:1
end_of_record
TN:
SF:src/shared/components/product-tile/product-tile.tsx
FN:20,ProductTile
FN:34,onChange
FN:60,onChange
FN:67,onClick
FNF:4
FNH:3
FNDA:3,ProductTile
FNDA:1,onChange
FNDA:0,onChange
FNDA:1,onClick
DA:1,1
DA:2,1
DA:4,1
DA:5,1
DA:6,1
DA:8,1
DA:20,1
DA:21,3
DA:22,3
DA:23,3
DA:24,3
DA:25,3
DA:26,3
DA:28,3
DA:29,3
DA:30,3
DA:31,3
DA:32,3
DA:33,3
DA:34,3
DA:35,3
DA:36,3
DA:38,3
DA:39,3
DA:40,3
DA:41,3
DA:42,3
DA:43,3
DA:44,3
DA:45,3
DA:47,3
DA:48,3
DA:49,3
DA:50,3
DA:51,3
DA:52,3
DA:53,3
DA:54,3
DA:55,3
DA:57,3
DA:58,3
DA:59,3
DA:60,3
DA:61,3
DA:62,3
DA:64,3
DA:65,3
DA:66,3
DA:67,3
DA:69,3
DA:70,3
DA:71,3
DA:72,3
DA:74,3
LF:54
LH:54
BRDA:20,0,0,3
BRDA:34,1,0,1
BRDA:67,2,0,1
BRF:3
BRH:3
end_of_record
TN:
SF:src/shared/components/quantity-control/quantity-control-old.tsx
FN:10,QuantityControlOld
FN:17,onClick
FN:29,onClick
FNF:3
FNH:1
FNDA:16,QuantityControlOld
FNDA:0,onClick
FNDA:0,onClick
DA:2,1
DA:10,1
DA:13,16
DA:14,16
DA:15,16
DA:16,16
DA:17,16
DA:18,16
DA:19,16
DA:21,16
DA:23,16
DA:24,16
DA:25,16
DA:27,16
DA:28,16
DA:29,16
DA:30,16
DA:32,16
DA:33,16
DA:35,16
LF:20
LH:20
BRDA:10,0,0,16
BRF:1
BRH:1
end_of_record
TN:
SF:src/shared/components/quantity-control/quantity-control.tsx
FN:13,QuantityControl
FN:20,handleIncrement
FN:25,handleDecrement
FNF:3
FNH:1
FNDA:3,QuantityControl
FNDA:0,handleIncrement
FNDA:0,handleDecrement
DA:2,1
DA:3,1
DA:13,1
DA:14,3
DA:15,3
DA:16,3
DA:17,3
DA:18,3
DA:19,3
DA:20,3
DA:21,0
DA:22,0
DA:23,0
DA:25,3
DA:26,0
DA:27,0
DA:28,0
DA:30,3
DA:31,3
DA:32,3
DA:33,3
DA:34,3
DA:35,3
DA:36,3
DA:38,3
DA:40,3
DA:41,3
DA:42,3
DA:44,3
DA:45,3
DA:46,3
DA:47,3
DA:48,3
DA:50,3
DA:51,3
DA:53,3
LF:36
LH:30
BRDA:13,0,0,3
BRF:1
BRH:1
end_of_record
TN:
SF:src/shared/const/colors.ts
FNF:0
FNH:0
DA:1,1
DA:2,1
DA:3,1
DA:4,1
DA:5,1
DA:6,1
DA:7,1
DA:8,1
DA:9,1
DA:10,1
DA:11,1
DA:12,1
DA:13,1
DA:14,1
DA:15,1
DA:16,1
DA:17,1
DA:18,1
DA:19,1
DA:20,1
DA:21,1
DA:22,1
DA:23,1
DA:24,1
DA:25,1
DA:26,1
DA:27,1
DA:28,1
DA:29,1
LF:29
LH:29
BRF:0
BRH:0
end_of_record
TN:
SF:src/shared/const/const.ts
FNF:0
FNH:0
DA:1,1
DA:2,1
LF:2
LH:2
BRF:0
BRH:0
end_of_record
TN:
SF:src/shared/const/routes.ts
FNF:0
FNH:0
DA:1,1
DA:2,1
DA:3,1
DA:4,1
DA:5,1
DA:6,1
DA:7,1
DA:8,1
DA:9,1
DA:10,1
DA:11,1
LF:11
LH:11
BRF:0
BRH:0
end_of_record
TN:
SF:src/shared/hooks/use-toogle.ts
FN:3,useToggle
FNF:1
FNH:1
FNDA:13,useToggle
DA:1,1
DA:3,1
DA:4,13
DA:6,13
DA:7,1
DA:8,13
DA:10,13
DA:11,1
DA:12,13
DA:14,13
DA:15,1
DA:16,13
DA:18,13
DA:19,13
LF:14
LH:14
BRDA:3,0,0,13
BRDA:6,1,0,1
BRDA:10,2,0,1
BRDA:14,3,0,1
BRF:4
BRH:4
end_of_record
TN:
SF:src/widgets/header/model/header-routes.ts
FNF:0
FNH:0
DA:1,1
DA:8,1
DA:9,1
DA:10,1
DA:11,1
DA:12,1
DA:13,1
DA:14,1
DA:15,1
DA:16,1
DA:17,1
DA:18,1
DA:19,1
DA:20,1
DA:21,1
DA:22,1
DA:23,1
DA:24,1
DA:29,1
DA:30,1
DA:31,1
DA:32,1
DA:33,1
DA:35,1
DA:36,1
DA:37,1
DA:38,1
DA:39,1
DA:40,1
DA:41,1
DA:42,1
DA:43,1
DA:44,1
DA:45,1
DA:46,1
DA:47,1
DA:48,1
DA:49,1
DA:50,1
DA:51,1
DA:52,1
DA:53,1
DA:54,1
DA:55,1
DA:56,1
DA:57,1
DA:58,1
DA:59,1
DA:60,1
LF:49
LH:49
BRF:0
BRH:0
end_of_record
TN:
SF:src/widgets/header/ui/header.tsx
FN:24,Header
FN:79,onClick
FN:82,onClick
FNF:3
FNH:1
FNDA:3,Header
FNDA:0,onClick
FNDA:0,onClick
DA:1,1
DA:3,1
DA:4,1
DA:5,1
DA:6,1
DA:7,1
DA:8,1
DA:9,1
DA:10,1
DA:11,1
DA:12,1
DA:13,1
DA:14,1
DA:15,1
DA:16,1
DA:17,1
DA:24,1
DA:25,3
DA:26,3
DA:27,3
DA:28,3
DA:29,3
DA:30,3
DA:31,3
DA:32,3
DA:34,3
DA:35,0
DA:36,0
DA:37,3
DA:39,3
DA:40,0
DA:41,0
DA:42,3
DA:45,3
DA:46,3
DA:47,3
DA:48,3
DA:49,3
DA:50,15
DA:51,15
DA:52,15
DA:53,3
DA:54,3
DA:55,3
DA:57,3
DA:58,3
DA:59,3
DA:61,3
DA:62,3
DA:64,3
DA:66,0
DA:67,0
DA:68,0
DA:72,3
DA:73,3
DA:74,3
DA:75,3
DA:77,3
DA:78,3
DA:79,3
DA:81,3
DA:82,3
DA:83,3
DA:84,3
DA:85,3
DA:86,3
DA:88,3
DA:89,3
DA:90,3
DA:92,3
LF:70
LH:63
BRDA:24,0,0,3
BRDA:64,1,0,0
BRDA:74,2,0,0
BRDA:49,3,0,15
BRF:4
BRH:2
end_of_record
TN:
SF:src/widgets/header/ui/promo.tsx
FN:6,Promo
FNF:1
FNH:1
FNDA:3,Promo
DA:1,1
DA:2,1
DA:3,1
DA:4,1
DA:6,1
DA:7,3
DA:8,3
DA:9,3
DA:10,3
DA:11,3
DA:12,3
DA:13,18
DA:14,18
DA:15,18
DA:16,3
DA:17,3
DA:18,3
DA:19,3
DA:20,3
DA:21,3
DA:22,3
DA:23,3
DA:25,3
LF:23
LH:23
BRDA:6,0,0,3
BRDA:12,1,0,18
BRF:2
BRH:2
end_of_record
