{"/Users/ii4elka/WebstormProjects/honey-delivery/backend/src/app.js": {"path":"/Users/ii4elka/WebstormProjects/honey-delivery/backend/src/app.js","statementMap":{"0":{"start":{"line":1,"column":16},"end":{"line":1,"column":34}},"1":{"start":{"line":2,"column":13},"end":{"line":2,"column":28}},"2":{"start":{"line":3,"column":22},"end":{"line":3,"column":50}},"3":{"start":{"line":4,"column":19},"end":{"line":4,"column":43}},"4":{"start":{"line":5,"column":23},"end":{"line":5,"column":51}},"5":{"start":{"line":6,"column":19},"end":{"line":6,"column":43}},"6":{"start":{"line":8,"column":12},"end":{"line":8,"column":21}},"7":{"start":{"line":11,"column":0},"end":{"line":11,"column":16}},"8":{"start":{"line":12,"column":0},"end":{"line":12,"column":24}},"9":{"start":{"line":15,"column":0},"end":{"line":17,"column":3}},"10":{"start":{"line":16,"column":2},"end":{"line":16,"column":42}},"11":{"start":{"line":19,"column":0},"end":{"line":19,"column":40}},"12":{"start":{"line":20,"column":0},"end":{"line":20,"column":33}},"13":{"start":{"line":21,"column":0},"end":{"line":21,"column":42}},"14":{"start":{"line":22,"column":0},"end":{"line":22,"column":33}},"15":{"start":{"line":25,"column":0},"end":{"line":28,"column":3}},"16":{"start":{"line":26,"column":2},"end":{"line":26,"column":27}},"17":{"start":{"line":27,"column":2},"end":{"line":27,"column":43}},"18":{"start":{"line":30,"column":0},"end":{"line":30,"column":21}}},"fnMap":{"0":{"name":"(anonymous_0)","decl":{"start":{"line":15,"column":13},"end":{"line":15,"column":14}},"loc":{"start":{"line":15,"column":27},"end":{"line":17,"column":1}},"line":15},"1":{"name":"(anonymous_1)","decl":{"start":{"line":25,"column":8},"end":{"line":25,"column":9}},"loc":{"start":{"line":25,"column":33},"end":{"line":28,"column":1}},"line":25}},"branchMap":{},"s":{"0":5,"1":5,"2":5,"3":5,"4":5,"5":5,"6":5,"7":5,"8":5,"9":5,"10":0,"11":5,"12":5,"13":5,"14":5,"15":5,"16":0,"17":0,"18":5},"f":{"0":0,"1":0},"b":{},"_coverageSchema":"1a1c01bbd47fc00a2c39e90264f33305004495a9","hash":"32fe5bbffbd913e61ce726529cf1f6697033e171"}
,"/Users/ii4elka/WebstormProjects/honey-delivery/backend/src/config/config.js": {"path":"/Users/ii4elka/WebstormProjects/honey-delivery/backend/src/config/config.js","statementMap":{"0":{"start":{"line":1,"column":0},"end":{"line":10,"column":2}}},"fnMap":{},"branchMap":{},"s":{"0":5},"f":{},"b":{},"_coverageSchema":"1a1c01bbd47fc00a2c39e90264f33305004495a9","hash":"f0a2a293d73b3fc699bd64a8fdb8b9dcb9d9dbeb"}
,"/Users/ii4elka/WebstormProjects/honey-delivery/backend/src/config/db.js": {"path":"/Users/ii4elka/WebstormProjects/honey-delivery/backend/src/config/db.js","statementMap":{"0":{"start":{"line":1,"column":22},"end":{"line":1,"column":42}},"1":{"start":{"line":2,"column":15},"end":{"line":2,"column":34}},"2":{"start":{"line":4,"column":15},"end":{"line":4,"column":71}},"3":{"start":{"line":6,"column":18},"end":{"line":15,"column":1}},"4":{"start":{"line":17,"column":0},"end":{"line":17,"column":27}}},"fnMap":{},"branchMap":{"0":{"loc":{"start":{"line":4,"column":15},"end":{"line":4,"column":71}},"type":"cond-expr","locations":[{"start":{"line":4,"column":49},"end":{"line":4,"column":61}},{"start":{"line":4,"column":64},"end":{"line":4,"column":71}}],"line":4}},"s":{"0":5,"1":5,"2":5,"3":5,"4":5},"f":{},"b":{"0":[5,0]},"_coverageSchema":"1a1c01bbd47fc00a2c39e90264f33305004495a9","hash":"449ca497be8e611a6abd77cace2ef06a374a6600"}
,"/Users/ii4elka/WebstormProjects/honey-delivery/backend/src/controllers/auth.controller.js": {"path":"/Users/ii4elka/WebstormProjects/honey-delivery/backend/src/controllers/auth.controller.js","statementMap":{"0":{"start":{"line":1,"column":15},"end":{"line":1,"column":34}},"1":{"start":{"line":2,"column":12},"end":{"line":2,"column":35}},"2":{"start":{"line":3,"column":13},"end":{"line":3,"column":38}},"3":{"start":{"line":5,"column":19},"end":{"line":5,"column":58}},"4":{"start":{"line":7,"column":22},"end":{"line":13,"column":1}},"5":{"start":{"line":8,"column":2},"end":{"line":12,"column":4}},"6":{"start":{"line":15,"column":0},"end":{"line":45,"column":4}},"7":{"start":{"line":16,"column":4},"end":{"line":44,"column":5}},"8":{"start":{"line":17,"column":80},"end":{"line":17,"column":88}},"9":{"start":{"line":19,"column":28},"end":{"line":19,"column":68}},"10":{"start":{"line":20,"column":6},"end":{"line":22,"column":7}},"11":{"start":{"line":21,"column":8},"end":{"line":21,"column":94}},"12":{"start":{"line":24,"column":28},"end":{"line":24,"column":68}},"13":{"start":{"line":25,"column":6},"end":{"line":27,"column":7}},"14":{"start":{"line":26,"column":8},"end":{"line":26,"column":105}},"15":{"start":{"line":29,"column":19},"end":{"line":29,"column":50}},"16":{"start":{"line":30,"column":19},"end":{"line":38,"column":8}},"17":{"start":{"line":40,"column":20},"end":{"line":40,"column":39}},"18":{"start":{"line":41,"column":6},"end":{"line":41,"column":32}},"19":{"start":{"line":43,"column":6},"end":{"line":43,"column":82}},"20":{"start":{"line":48,"column":0},"end":{"line":63,"column":2}},"21":{"start":{"line":49,"column":2},"end":{"line":62,"column":3}},"22":{"start":{"line":50,"column":32},"end":{"line":50,"column":40}},"23":{"start":{"line":52,"column":17},"end":{"line":52,"column":57}},"24":{"start":{"line":53,"column":4},"end":{"line":53,"column":82}},"25":{"start":{"line":53,"column":15},"end":{"line":53,"column":82}},"26":{"start":{"line":55,"column":20},"end":{"line":55,"column":65}},"27":{"start":{"line":56,"column":4},"end":{"line":56,"column":78}},"28":{"start":{"line":56,"column":18},"end":{"line":56,"column":78}},"29":{"start":{"line":58,"column":18},"end":{"line":58,"column":37}},"30":{"start":{"line":59,"column":4},"end":{"line":59,"column":30}},"31":{"start":{"line":61,"column":4},"end":{"line":61,"column":74}},"32":{"start":{"line":65,"column":0},"end":{"line":71,"column":2}},"33":{"start":{"line":66,"column":15},"end":{"line":68,"column":4}},"34":{"start":{"line":70,"column":2},"end":{"line":70,"column":17}}},"fnMap":{"0":{"name":"(anonymous_0)","decl":{"start":{"line":7,"column":22},"end":{"line":7,"column":23}},"loc":{"start":{"line":7,"column":32},"end":{"line":13,"column":1}},"line":7},"1":{"name":"(anonymous_1)","decl":{"start":{"line":15,"column":19},"end":{"line":15,"column":20}},"loc":{"start":{"line":15,"column":39},"end":{"line":45,"column":3}},"line":15},"2":{"name":"(anonymous_2)","decl":{"start":{"line":48,"column":16},"end":{"line":48,"column":17}},"loc":{"start":{"line":48,"column":36},"end":{"line":63,"column":1}},"line":48},"3":{"name":"(anonymous_3)","decl":{"start":{"line":65,"column":16},"end":{"line":65,"column":17}},"loc":{"start":{"line":65,"column":36},"end":{"line":71,"column":1}},"line":65}},"branchMap":{"0":{"loc":{"start":{"line":5,"column":19},"end":{"line":5,"column":58}},"type":"binary-expr","locations":[{"start":{"line":5,"column":19},"end":{"line":5,"column":41}},{"start":{"line":5,"column":45},"end":{"line":5,"column":58}}],"line":5},"1":{"loc":{"start":{"line":20,"column":6},"end":{"line":22,"column":7}},"type":"if","locations":[{"start":{"line":20,"column":6},"end":{"line":22,"column":7}},{"start":{},"end":{}}],"line":20},"2":{"loc":{"start":{"line":25,"column":6},"end":{"line":27,"column":7}},"type":"if","locations":[{"start":{"line":25,"column":6},"end":{"line":27,"column":7}},{"start":{},"end":{}}],"line":25},"3":{"loc":{"start":{"line":53,"column":4},"end":{"line":53,"column":82}},"type":"if","locations":[{"start":{"line":53,"column":4},"end":{"line":53,"column":82}},{"start":{},"end":{}}],"line":53},"4":{"loc":{"start":{"line":56,"column":4},"end":{"line":56,"column":78}},"type":"if","locations":[{"start":{"line":56,"column":4},"end":{"line":56,"column":78}},{"start":{},"end":{}}],"line":56}},"s":{"0":5,"1":5,"2":5,"3":5,"4":5,"5":6,"6":5,"7":4,"8":4,"9":4,"10":4,"11":1,"12":3,"13":3,"14":0,"15":3,"16":3,"17":3,"18":3,"19":0,"20":5,"21":5,"22":5,"23":5,"24":5,"25":1,"26":4,"27":4,"28":1,"29":3,"30":3,"31":0,"32":5,"33":0,"34":0},"f":{"0":6,"1":4,"2":5,"3":0},"b":{"0":[5,0],"1":[1,3],"2":[0,3],"3":[1,4],"4":[1,3]},"_coverageSchema":"1a1c01bbd47fc00a2c39e90264f33305004495a9","hash":"628b27f7c922fb565a7d77c4d43d8bf3a24f6141"}
,"/Users/ii4elka/WebstormProjects/honey-delivery/backend/src/controllers/cart.controller.js": {"path":"/Users/ii4elka/WebstormProjects/honey-delivery/backend/src/controllers/cart.controller.js","statementMap":{"0":{"start":{"line":1,"column":30},"end":{"line":1,"column":50}},"1":{"start":{"line":3,"column":0},"end":{"line":21,"column":2}},"2":{"start":{"line":4,"column":17},"end":{"line":4,"column":28}},"3":{"start":{"line":6,"column":16},"end":{"line":9,"column":4}},"4":{"start":{"line":11,"column":15},"end":{"line":16,"column":5}},"5":{"start":{"line":11,"column":34},"end":{"line":16,"column":3}},"6":{"start":{"line":18,"column":16},"end":{"line":18,"column":66}},"7":{"start":{"line":18,"column":43},"end":{"line":18,"column":62}},"8":{"start":{"line":20,"column":2},"end":{"line":20,"column":35}},"9":{"start":{"line":24,"column":0},"end":{"line":43,"column":2}},"10":{"start":{"line":25,"column":17},"end":{"line":25,"column":28}},"11":{"start":{"line":26,"column":38},"end":{"line":26,"column":46}},"12":{"start":{"line":28,"column":19},"end":{"line":28,"column":75}},"13":{"start":{"line":29,"column":18},"end":{"line":29,"column":51}},"14":{"start":{"line":31,"column":2},"end":{"line":33,"column":3}},"15":{"start":{"line":32,"column":4},"end":{"line":32,"column":64}},"16":{"start":{"line":35,"column":2},"end":{"line":39,"column":3}},"17":{"start":{"line":36,"column":4},"end":{"line":36,"column":34}},"18":{"start":{"line":37,"column":4},"end":{"line":37,"column":26}},"19":{"start":{"line":38,"column":4},"end":{"line":38,"column":65}},"20":{"start":{"line":41,"column":18},"end":{"line":41,"column":72}},"21":{"start":{"line":42,"column":2},"end":{"line":42,"column":106}},"22":{"start":{"line":45,"column":0},"end":{"line":57,"column":2}},"23":{"start":{"line":46,"column":17},"end":{"line":46,"column":28}},"24":{"start":{"line":47,"column":24},"end":{"line":47,"column":34}},"25":{"start":{"line":48,"column":23},"end":{"line":48,"column":31}},"26":{"start":{"line":50,"column":15},"end":{"line":50,"column":71}},"27":{"start":{"line":52,"column":2},"end":{"line":52,"column":83}},"28":{"start":{"line":52,"column":13},"end":{"line":52,"column":83}},"29":{"start":{"line":54,"column":2},"end":{"line":54,"column":27}},"30":{"start":{"line":55,"column":2},"end":{"line":55,"column":20}},"31":{"start":{"line":56,"column":2},"end":{"line":56,"column":17}},"32":{"start":{"line":59,"column":0},"end":{"line":68,"column":2}},"33":{"start":{"line":60,"column":17},"end":{"line":60,"column":28}},"34":{"start":{"line":61,"column":24},"end":{"line":61,"column":34}},"35":{"start":{"line":63,"column":15},"end":{"line":63,"column":71}},"36":{"start":{"line":64,"column":2},"end":{"line":64,"column":83}},"37":{"start":{"line":64,"column":13},"end":{"line":64,"column":83}},"38":{"start":{"line":66,"column":2},"end":{"line":66,"column":23}},"39":{"start":{"line":67,"column":2},"end":{"line":67,"column":46}},"40":{"start":{"line":70,"column":0},"end":{"line":74,"column":2}},"41":{"start":{"line":71,"column":17},"end":{"line":71,"column":28}},"42":{"start":{"line":72,"column":2},"end":{"line":72,"column":48}},"43":{"start":{"line":73,"column":2},"end":{"line":73,"column":43}},"44":{"start":{"line":76,"column":0},"end":{"line":98,"column":2}},"45":{"start":{"line":77,"column":17},"end":{"line":77,"column":28}},"46":{"start":{"line":79,"column":2},"end":{"line":97,"column":3}},"47":{"start":{"line":80,"column":18},"end":{"line":87,"column":6}},"48":{"start":{"line":89,"column":18},"end":{"line":91,"column":9}},"49":{"start":{"line":90,"column":6},"end":{"line":90,"column":62}},"50":{"start":{"line":93,"column":4},"end":{"line":93,"column":20}},"51":{"start":{"line":95,"column":4},"end":{"line":95,"column":61}},"52":{"start":{"line":96,"column":4},"end":{"line":96,"column":75}}},"fnMap":{"0":{"name":"(anonymous_0)","decl":{"start":{"line":3,"column":18},"end":{"line":3,"column":19}},"loc":{"start":{"line":3,"column":38},"end":{"line":21,"column":1}},"line":3},"1":{"name":"(anonymous_1)","decl":{"start":{"line":11,"column":25},"end":{"line":11,"column":26}},"loc":{"start":{"line":11,"column":34},"end":{"line":16,"column":3}},"line":11},"2":{"name":"(anonymous_2)","decl":{"start":{"line":18,"column":28},"end":{"line":18,"column":29}},"loc":{"start":{"line":18,"column":43},"end":{"line":18,"column":62}},"line":18},"3":{"name":"(anonymous_3)","decl":{"start":{"line":24,"column":20},"end":{"line":24,"column":21}},"loc":{"start":{"line":24,"column":40},"end":{"line":43,"column":1}},"line":24},"4":{"name":"(anonymous_4)","decl":{"start":{"line":45,"column":25},"end":{"line":45,"column":26}},"loc":{"start":{"line":45,"column":45},"end":{"line":57,"column":1}},"line":45},"5":{"name":"(anonymous_5)","decl":{"start":{"line":59,"column":25},"end":{"line":59,"column":26}},"loc":{"start":{"line":59,"column":45},"end":{"line":68,"column":1}},"line":59},"6":{"name":"(anonymous_6)","decl":{"start":{"line":70,"column":20},"end":{"line":70,"column":21}},"loc":{"start":{"line":70,"column":40},"end":{"line":74,"column":1}},"line":70},"7":{"name":"(anonymous_7)","decl":{"start":{"line":76,"column":23},"end":{"line":76,"column":24}},"loc":{"start":{"line":76,"column":43},"end":{"line":98,"column":1}},"line":76},"8":{"name":"(anonymous_8)","decl":{"start":{"line":89,"column":31},"end":{"line":89,"column":32}},"loc":{"start":{"line":89,"column":46},"end":{"line":91,"column":5}},"line":89}},"branchMap":{"0":{"loc":{"start":{"line":26,"column":21},"end":{"line":26,"column":33}},"type":"default-arg","locations":[{"start":{"line":26,"column":32},"end":{"line":26,"column":33}}],"line":26},"1":{"loc":{"start":{"line":31,"column":2},"end":{"line":33,"column":3}},"type":"if","locations":[{"start":{"line":31,"column":2},"end":{"line":33,"column":3}},{"start":{},"end":{}}],"line":31},"2":{"loc":{"start":{"line":35,"column":2},"end":{"line":39,"column":3}},"type":"if","locations":[{"start":{"line":35,"column":2},"end":{"line":39,"column":3}},{"start":{},"end":{}}],"line":35},"3":{"loc":{"start":{"line":52,"column":2},"end":{"line":52,"column":83}},"type":"if","locations":[{"start":{"line":52,"column":2},"end":{"line":52,"column":83}},{"start":{},"end":{}}],"line":52},"4":{"loc":{"start":{"line":64,"column":2},"end":{"line":64,"column":83}},"type":"if","locations":[{"start":{"line":64,"column":2},"end":{"line":64,"column":83}},{"start":{},"end":{}}],"line":64},"5":{"loc":{"start":{"line":90,"column":36},"end":{"line":90,"column":60}},"type":"binary-expr","locations":[{"start":{"line":90,"column":36},"end":{"line":90,"column":55}},{"start":{"line":90,"column":59},"end":{"line":90,"column":60}}],"line":90}},"s":{"0":5,"1":5,"2":1,"3":1,"4":1,"5":1,"6":1,"7":1,"8":1,"9":5,"10":1,"11":1,"12":1,"13":1,"14":1,"15":0,"16":1,"17":0,"18":0,"19":0,"20":1,"21":1,"22":5,"23":1,"24":1,"25":1,"26":1,"27":1,"28":0,"29":1,"30":1,"31":1,"32":5,"33":1,"34":1,"35":1,"36":1,"37":0,"38":1,"39":1,"40":5,"41":0,"42":0,"43":0,"44":5,"45":1,"46":1,"47":1,"48":1,"49":1,"50":1,"51":0,"52":0},"f":{"0":1,"1":1,"2":1,"3":1,"4":1,"5":1,"6":0,"7":1,"8":1},"b":{"0":[0],"1":[0,1],"2":[0,1],"3":[0,1],"4":[0,1],"5":[1,0]},"_coverageSchema":"1a1c01bbd47fc00a2c39e90264f33305004495a9","hash":"b77a970b0de835d16004361b8ab62d1d5c566f33"}
,"/Users/ii4elka/WebstormProjects/honey-delivery/backend/src/controllers/favorite.controller.js": {"path":"/Users/ii4elka/WebstormProjects/honey-delivery/backend/src/controllers/favorite.controller.js","statementMap":{"0":{"start":{"line":1,"column":30},"end":{"line":1,"column":50}},"1":{"start":{"line":4,"column":0},"end":{"line":17,"column":2}},"2":{"start":{"line":5,"column":17},"end":{"line":5,"column":28}},"3":{"start":{"line":6,"column":24},"end":{"line":6,"column":32}},"4":{"start":{"line":8,"column":2},"end":{"line":16,"column":3}},"5":{"start":{"line":9,"column":19},"end":{"line":9,"column":75}},"6":{"start":{"line":10,"column":4},"end":{"line":10,"column":76}},"7":{"start":{"line":10,"column":16},"end":{"line":10,"column":76}},"8":{"start":{"line":12,"column":21},"end":{"line":12,"column":65}},"9":{"start":{"line":13,"column":4},"end":{"line":13,"column":35}},"10":{"start":{"line":15,"column":4},"end":{"line":15,"column":49}},"11":{"start":{"line":20,"column":0},"end":{"line":33,"column":2}},"12":{"start":{"line":21,"column":17},"end":{"line":21,"column":28}},"13":{"start":{"line":22,"column":24},"end":{"line":22,"column":34}},"14":{"start":{"line":24,"column":2},"end":{"line":32,"column":3}},"15":{"start":{"line":25,"column":21},"end":{"line":25,"column":77}},"16":{"start":{"line":26,"column":4},"end":{"line":26,"column":74}},"17":{"start":{"line":26,"column":19},"end":{"line":26,"column":74}},"18":{"start":{"line":28,"column":4},"end":{"line":28,"column":29}},"19":{"start":{"line":29,"column":4},"end":{"line":29,"column":51}},"20":{"start":{"line":31,"column":4},"end":{"line":31,"column":49}},"21":{"start":{"line":36,"column":0},"end":{"line":48,"column":2}},"22":{"start":{"line":37,"column":17},"end":{"line":37,"column":28}},"23":{"start":{"line":39,"column":2},"end":{"line":47,"column":3}},"24":{"start":{"line":40,"column":22},"end":{"line":43,"column":6}},"25":{"start":{"line":44,"column":4},"end":{"line":44,"column":60}},"26":{"start":{"line":44,"column":41},"end":{"line":44,"column":57}},"27":{"start":{"line":46,"column":4},"end":{"line":46,"column":49}},"28":{"start":{"line":52,"column":0},"end":{"line":61,"column":4}},"29":{"start":{"line":53,"column":19},"end":{"line":53,"column":30}},"30":{"start":{"line":55,"column":4},"end":{"line":60,"column":5}},"31":{"start":{"line":56,"column":6},"end":{"line":56,"column":52}},"32":{"start":{"line":57,"column":6},"end":{"line":57,"column":49}},"33":{"start":{"line":59,"column":6},"end":{"line":59,"column":51}}},"fnMap":{"0":{"name":"(anonymous_0)","decl":{"start":{"line":4,"column":25},"end":{"line":4,"column":26}},"loc":{"start":{"line":4,"column":45},"end":{"line":17,"column":1}},"line":4},"1":{"name":"(anonymous_1)","decl":{"start":{"line":20,"column":30},"end":{"line":20,"column":31}},"loc":{"start":{"line":20,"column":50},"end":{"line":33,"column":1}},"line":20},"2":{"name":"(anonymous_2)","decl":{"start":{"line":36,"column":23},"end":{"line":36,"column":24}},"loc":{"start":{"line":36,"column":43},"end":{"line":48,"column":1}},"line":36},"3":{"name":"(anonymous_3)","decl":{"start":{"line":44,"column":27},"end":{"line":44,"column":28}},"loc":{"start":{"line":44,"column":41},"end":{"line":44,"column":57}},"line":44},"4":{"name":"(anonymous_4)","decl":{"start":{"line":52,"column":25},"end":{"line":52,"column":26}},"loc":{"start":{"line":52,"column":45},"end":{"line":61,"column":3}},"line":52}},"branchMap":{"0":{"loc":{"start":{"line":10,"column":4},"end":{"line":10,"column":76}},"type":"if","locations":[{"start":{"line":10,"column":4},"end":{"line":10,"column":76}},{"start":{},"end":{}}],"line":10},"1":{"loc":{"start":{"line":26,"column":4},"end":{"line":26,"column":74}},"type":"if","locations":[{"start":{"line":26,"column":4},"end":{"line":26,"column":74}},{"start":{},"end":{}}],"line":26}},"s":{"0":5,"1":5,"2":1,"3":1,"4":1,"5":1,"6":1,"7":0,"8":1,"9":1,"10":0,"11":5,"12":1,"13":1,"14":1,"15":1,"16":1,"17":0,"18":1,"19":1,"20":0,"21":5,"22":1,"23":1,"24":1,"25":1,"26":1,"27":0,"28":5,"29":0,"30":0,"31":0,"32":0,"33":0},"f":{"0":1,"1":1,"2":1,"3":1,"4":0},"b":{"0":[0,1],"1":[0,1]},"_coverageSchema":"1a1c01bbd47fc00a2c39e90264f33305004495a9","hash":"62f0f582afc4bd579736d68cbd28219123c7e46e"}
,"/Users/ii4elka/WebstormProjects/honey-delivery/backend/src/controllers/product.controller.js": {"path":"/Users/ii4elka/WebstormProjects/honey-delivery/backend/src/controllers/product.controller.js","statementMap":{"0":{"start":{"line":1,"column":15},"end":{"line":1,"column":35}},"1":{"start":{"line":2,"column":20},"end":{"line":2,"column":40}},"2":{"start":{"line":5,"column":0},"end":{"line":32,"column":4}},"3":{"start":{"line":6,"column":47},"end":{"line":6,"column":56}},"4":{"start":{"line":8,"column":18},"end":{"line":8,"column":20}},"5":{"start":{"line":10,"column":4},"end":{"line":12,"column":5}},"6":{"start":{"line":11,"column":6},"end":{"line":11,"column":24}},"7":{"start":{"line":14,"column":4},"end":{"line":19,"column":5}},"8":{"start":{"line":15,"column":6},"end":{"line":18,"column":8}},"9":{"start":{"line":21,"column":18},"end":{"line":21,"column":20}},"10":{"start":{"line":23,"column":4},"end":{"line":27,"column":5}},"11":{"start":{"line":24,"column":6},"end":{"line":24,"column":35}},"12":{"start":{"line":25,"column":11},"end":{"line":27,"column":5}},"13":{"start":{"line":26,"column":6},"end":{"line":26,"column":36}},"14":{"start":{"line":29,"column":21},"end":{"line":29,"column":60}},"15":{"start":{"line":31,"column":4},"end":{"line":31,"column":23}},"16":{"start":{"line":35,"column":0},"end":{"line":45,"column":2}},"17":{"start":{"line":36,"column":2},"end":{"line":44,"column":3}},"18":{"start":{"line":37,"column":20},"end":{"line":37,"column":57}},"19":{"start":{"line":38,"column":4},"end":{"line":40,"column":5}},"20":{"start":{"line":39,"column":6},"end":{"line":39,"column":66}},"21":{"start":{"line":41,"column":4},"end":{"line":41,"column":22}},"22":{"start":{"line":43,"column":4},"end":{"line":43,"column":51}}},"fnMap":{"0":{"name":"(anonymous_0)","decl":{"start":{"line":5,"column":25},"end":{"line":5,"column":26}},"loc":{"start":{"line":5,"column":45},"end":{"line":32,"column":3}},"line":5},"1":{"name":"(anonymous_1)","decl":{"start":{"line":35,"column":25},"end":{"line":35,"column":26}},"loc":{"start":{"line":35,"column":45},"end":{"line":45,"column":1}},"line":35}},"branchMap":{"0":{"loc":{"start":{"line":10,"column":4},"end":{"line":12,"column":5}},"type":"if","locations":[{"start":{"line":10,"column":4},"end":{"line":12,"column":5}},{"start":{},"end":{}}],"line":10},"1":{"loc":{"start":{"line":14,"column":4},"end":{"line":19,"column":5}},"type":"if","locations":[{"start":{"line":14,"column":4},"end":{"line":19,"column":5}},{"start":{},"end":{}}],"line":14},"2":{"loc":{"start":{"line":14,"column":8},"end":{"line":14,"column":28}},"type":"binary-expr","locations":[{"start":{"line":14,"column":8},"end":{"line":14,"column":16}},{"start":{"line":14,"column":20},"end":{"line":14,"column":28}}],"line":14},"3":{"loc":{"start":{"line":16,"column":12},"end":{"line":16,"column":47}},"type":"binary-expr","locations":[{"start":{"line":16,"column":12},"end":{"line":16,"column":20}},{"start":{"line":16,"column":24},"end":{"line":16,"column":47}}],"line":16},"4":{"loc":{"start":{"line":17,"column":12},"end":{"line":17,"column":47}},"type":"binary-expr","locations":[{"start":{"line":17,"column":12},"end":{"line":17,"column":20}},{"start":{"line":17,"column":24},"end":{"line":17,"column":47}}],"line":17},"5":{"loc":{"start":{"line":23,"column":4},"end":{"line":27,"column":5}},"type":"if","locations":[{"start":{"line":23,"column":4},"end":{"line":27,"column":5}},{"start":{"line":25,"column":11},"end":{"line":27,"column":5}}],"line":23},"6":{"loc":{"start":{"line":25,"column":11},"end":{"line":27,"column":5}},"type":"if","locations":[{"start":{"line":25,"column":11},"end":{"line":27,"column":5}},{"start":{},"end":{}}],"line":25},"7":{"loc":{"start":{"line":38,"column":4},"end":{"line":40,"column":5}},"type":"if","locations":[{"start":{"line":38,"column":4},"end":{"line":40,"column":5}},{"start":{},"end":{}}],"line":38}},"s":{"0":5,"1":5,"2":5,"3":1,"4":1,"5":1,"6":0,"7":1,"8":0,"9":1,"10":1,"11":0,"12":1,"13":0,"14":1,"15":1,"16":5,"17":2,"18":2,"19":2,"20":1,"21":1,"22":0},"f":{"0":1,"1":2},"b":{"0":[0,1],"1":[0,1],"2":[1,1],"3":[0,0],"4":[0,0],"5":[0,1],"6":[0,1],"7":[1,1]},"_coverageSchema":"1a1c01bbd47fc00a2c39e90264f33305004495a9","hash":"c1844ff6523297757c83977ef7c18904a022b929"}
,"/Users/ii4elka/WebstormProjects/honey-delivery/backend/src/middleware/auth.middleware.js": {"path":"/Users/ii4elka/WebstormProjects/honey-delivery/backend/src/middleware/auth.middleware.js","statementMap":{"0":{"start":{"line":1,"column":12},"end":{"line":1,"column":35}},"1":{"start":{"line":3,"column":19},"end":{"line":3,"column":58}},"2":{"start":{"line":5,"column":0},"end":{"line":25,"column":2}},"3":{"start":{"line":6,"column":21},"end":{"line":6,"column":46}},"4":{"start":{"line":8,"column":2},"end":{"line":10,"column":3}},"5":{"start":{"line":9,"column":4},"end":{"line":9,"column":70}},"6":{"start":{"line":12,"column":16},"end":{"line":12,"column":40}},"7":{"start":{"line":14,"column":2},"end":{"line":16,"column":3}},"8":{"start":{"line":15,"column":4},"end":{"line":15,"column":74}},"9":{"start":{"line":18,"column":2},"end":{"line":24,"column":3}},"10":{"start":{"line":19,"column":20},"end":{"line":19,"column":49}},"11":{"start":{"line":20,"column":4},"end":{"line":20,"column":23}},"12":{"start":{"line":21,"column":4},"end":{"line":21,"column":11}},"13":{"start":{"line":23,"column":4},"end":{"line":23,"column":82}}},"fnMap":{"0":{"name":"(anonymous_0)","decl":{"start":{"line":5,"column":17},"end":{"line":5,"column":18}},"loc":{"start":{"line":5,"column":37},"end":{"line":25,"column":1}},"line":5}},"branchMap":{"0":{"loc":{"start":{"line":3,"column":19},"end":{"line":3,"column":58}},"type":"binary-expr","locations":[{"start":{"line":3,"column":19},"end":{"line":3,"column":41}},{"start":{"line":3,"column":45},"end":{"line":3,"column":58}}],"line":3},"1":{"loc":{"start":{"line":8,"column":2},"end":{"line":10,"column":3}},"type":"if","locations":[{"start":{"line":8,"column":2},"end":{"line":10,"column":3}},{"start":{},"end":{}}],"line":8},"2":{"loc":{"start":{"line":14,"column":2},"end":{"line":16,"column":3}},"type":"if","locations":[{"start":{"line":14,"column":2},"end":{"line":16,"column":3}},{"start":{},"end":{}}],"line":14}},"s":{"0":5,"1":5,"2":5,"3":8,"4":8,"5":0,"6":8,"7":8,"8":0,"9":8,"10":8,"11":8,"12":8,"13":0},"f":{"0":8},"b":{"0":[5,0],"1":[0,8],"2":[0,8]},"_coverageSchema":"1a1c01bbd47fc00a2c39e90264f33305004495a9","hash":"3bc72b0a4ff56655fe236e58696afe7f55ce0cce"}
,"/Users/ii4elka/WebstormProjects/honey-delivery/backend/src/models/CartItem.js": {"path":"/Users/ii4elka/WebstormProjects/honey-delivery/backend/src/models/CartItem.js","statementMap":{"0":{"start":{"line":2,"column":22},"end":{"line":2,"column":42}},"1":{"start":{"line":3,"column":18},"end":{"line":3,"column":41}},"2":{"start":{"line":5,"column":17},"end":{"line":26,"column":2}},"3":{"start":{"line":28,"column":0},"end":{"line":28,"column":26}}},"fnMap":{},"branchMap":{},"s":{"0":5,"1":5,"2":5,"3":5},"f":{},"b":{},"_coverageSchema":"1a1c01bbd47fc00a2c39e90264f33305004495a9","hash":"fdc315b49e5965993a05fa3e1349c39fefc895d9"}
,"/Users/ii4elka/WebstormProjects/honey-delivery/backend/src/models/Favorite.js": {"path":"/Users/ii4elka/WebstormProjects/honey-delivery/backend/src/models/Favorite.js","statementMap":{"0":{"start":{"line":3,"column":22},"end":{"line":3,"column":42}},"1":{"start":{"line":4,"column":18},"end":{"line":4,"column":41}},"2":{"start":{"line":6,"column":17},"end":{"line":23,"column":2}},"3":{"start":{"line":25,"column":0},"end":{"line":25,"column":26}}},"fnMap":{},"branchMap":{},"s":{"0":5,"1":5,"2":5,"3":5},"f":{},"b":{},"_coverageSchema":"1a1c01bbd47fc00a2c39e90264f33305004495a9","hash":"c7b71af273871771a39ec8e02394c9026790bb0e"}
,"/Users/ii4elka/WebstormProjects/honey-delivery/backend/src/models/Product.js": {"path":"/Users/ii4elka/WebstormProjects/honey-delivery/backend/src/models/Product.js","statementMap":{"0":{"start":{"line":2,"column":22},"end":{"line":2,"column":42}},"1":{"start":{"line":3,"column":18},"end":{"line":3,"column":41}},"2":{"start":{"line":5,"column":16},"end":{"line":33,"column":2}},"3":{"start":{"line":35,"column":0},"end":{"line":35,"column":25}}},"fnMap":{},"branchMap":{},"s":{"0":5,"1":5,"2":5,"3":5},"f":{},"b":{},"_coverageSchema":"1a1c01bbd47fc00a2c39e90264f33305004495a9","hash":"b7b177753e39fae50fffd4ce0f7ad878e556a5a8"}
,"/Users/ii4elka/WebstormProjects/honey-delivery/backend/src/models/User.js": {"path":"/Users/ii4elka/WebstormProjects/honey-delivery/backend/src/models/User.js","statementMap":{"0":{"start":{"line":1,"column":22},"end":{"line":1,"column":42}},"1":{"start":{"line":2,"column":18},"end":{"line":2,"column":41}},"2":{"start":{"line":4,"column":13},"end":{"line":41,"column":2}},"3":{"start":{"line":43,"column":0},"end":{"line":43,"column":22}}},"fnMap":{},"branchMap":{},"s":{"0":5,"1":5,"2":5,"3":5},"f":{},"b":{},"_coverageSchema":"1a1c01bbd47fc00a2c39e90264f33305004495a9","hash":"a2dd076143390528e887f9e1cd689e9e2b9a08b0"}
,"/Users/ii4elka/WebstormProjects/honey-delivery/backend/src/models/index.js": {"path":"/Users/ii4elka/WebstormProjects/honey-delivery/backend/src/models/index.js","statementMap":{"0":{"start":{"line":1,"column":22},"end":{"line":1,"column":42}},"1":{"start":{"line":2,"column":18},"end":{"line":2,"column":41}},"2":{"start":{"line":4,"column":16},"end":{"line":4,"column":36}},"3":{"start":{"line":5,"column":13},"end":{"line":5,"column":30}},"4":{"start":{"line":6,"column":17},"end":{"line":6,"column":38}},"5":{"start":{"line":7,"column":17},"end":{"line":7,"column":38}},"6":{"start":{"line":12,"column":11},"end":{"line":20,"column":1}},"7":{"start":{"line":25,"column":0},"end":{"line":25,"column":70}},"8":{"start":{"line":26,"column":0},"end":{"line":26,"column":63}},"9":{"start":{"line":28,"column":0},"end":{"line":28,"column":76}},"10":{"start":{"line":29,"column":0},"end":{"line":29,"column":72}},"11":{"start":{"line":32,"column":0},"end":{"line":32,"column":70}},"12":{"start":{"line":33,"column":0},"end":{"line":33,"column":63}},"13":{"start":{"line":35,"column":0},"end":{"line":35,"column":76}},"14":{"start":{"line":36,"column":0},"end":{"line":36,"column":72}},"15":{"start":{"line":39,"column":0},"end":{"line":39,"column":20}}},"fnMap":{},"branchMap":{},"s":{"0":5,"1":5,"2":5,"3":5,"4":5,"5":5,"6":5,"7":5,"8":5,"9":5,"10":5,"11":5,"12":5,"13":5,"14":5,"15":5},"f":{},"b":{},"_coverageSchema":"1a1c01bbd47fc00a2c39e90264f33305004495a9","hash":"dce1973df072ea288325ed6eae409f053dd63150"}
,"/Users/ii4elka/WebstormProjects/honey-delivery/backend/src/routes/auth.js": {"path":"/Users/ii4elka/WebstormProjects/honey-delivery/backend/src/routes/auth.js","statementMap":{"0":{"start":{"line":1,"column":16},"end":{"line":1,"column":34}},"1":{"start":{"line":2,"column":15},"end":{"line":2,"column":31}},"2":{"start":{"line":3,"column":23},"end":{"line":3,"column":64}},"3":{"start":{"line":4,"column":23},"end":{"line":4,"column":63}},"4":{"start":{"line":7,"column":0},"end":{"line":7,"column":50}},"5":{"start":{"line":10,"column":0},"end":{"line":10,"column":44}},"6":{"start":{"line":13,"column":0},"end":{"line":13,"column":56}},"7":{"start":{"line":15,"column":0},"end":{"line":15,"column":24}}},"fnMap":{},"branchMap":{},"s":{"0":5,"1":5,"2":5,"3":5,"4":5,"5":5,"6":5,"7":5},"f":{},"b":{},"_coverageSchema":"1a1c01bbd47fc00a2c39e90264f33305004495a9","hash":"601e25426847352457e2902925962cbf571e6da8"}
,"/Users/ii4elka/WebstormProjects/honey-delivery/backend/src/routes/cart.js": {"path":"/Users/ii4elka/WebstormProjects/honey-delivery/backend/src/routes/cart.js","statementMap":{"0":{"start":{"line":1,"column":16},"end":{"line":1,"column":34}},"1":{"start":{"line":2,"column":15},"end":{"line":2,"column":31}},"2":{"start":{"line":3,"column":13},"end":{"line":3,"column":53}},"3":{"start":{"line":4,"column":23},"end":{"line":4,"column":64}},"4":{"start":{"line":6,"column":0},"end":{"line":6,"column":17}},"5":{"start":{"line":8,"column":0},"end":{"line":8,"column":40}},"6":{"start":{"line":9,"column":0},"end":{"line":9,"column":43}},"7":{"start":{"line":10,"column":0},"end":{"line":10,"column":59}},"8":{"start":{"line":11,"column":0},"end":{"line":11,"column":60}},"9":{"start":{"line":12,"column":0},"end":{"line":12,"column":45}},"10":{"start":{"line":13,"column":0},"end":{"line":13,"column":50}},"11":{"start":{"line":15,"column":0},"end":{"line":15,"column":24}}},"fnMap":{},"branchMap":{},"s":{"0":5,"1":5,"2":5,"3":5,"4":5,"5":5,"6":5,"7":5,"8":5,"9":5,"10":5,"11":5},"f":{},"b":{},"_coverageSchema":"1a1c01bbd47fc00a2c39e90264f33305004495a9","hash":"3c823348ef6ccedeaaced3b12144827e77f9467d"}
,"/Users/ii4elka/WebstormProjects/honey-delivery/backend/src/routes/favorite.js": {"path":"/Users/ii4elka/WebstormProjects/honey-delivery/backend/src/routes/favorite.js","statementMap":{"0":{"start":{"line":1,"column":16},"end":{"line":1,"column":34}},"1":{"start":{"line":2,"column":15},"end":{"line":2,"column":31}},"2":{"start":{"line":3,"column":13},"end":{"line":3,"column":53}},"3":{"start":{"line":4,"column":27},"end":{"line":4,"column":72}},"4":{"start":{"line":6,"column":0},"end":{"line":6,"column":17}},"5":{"start":{"line":8,"column":0},"end":{"line":8,"column":49}},"6":{"start":{"line":9,"column":0},"end":{"line":9,"column":52}},"7":{"start":{"line":10,"column":0},"end":{"line":10,"column":69}},"8":{"start":{"line":11,"column":0},"end":{"line":11,"column":54}},"9":{"start":{"line":13,"column":0},"end":{"line":13,"column":24}}},"fnMap":{},"branchMap":{},"s":{"0":5,"1":5,"2":5,"3":5,"4":5,"5":5,"6":5,"7":5,"8":5,"9":5},"f":{},"b":{},"_coverageSchema":"1a1c01bbd47fc00a2c39e90264f33305004495a9","hash":"a9f236deac4b6e0a949556f70ab66e37838fd723"}
,"/Users/ii4elka/WebstormProjects/honey-delivery/backend/src/routes/products.js": {"path":"/Users/ii4elka/WebstormProjects/honey-delivery/backend/src/routes/products.js","statementMap":{"0":{"start":{"line":1,"column":16},"end":{"line":1,"column":34}},"1":{"start":{"line":2,"column":20},"end":{"line":2,"column":40}},"2":{"start":{"line":3,"column":15},"end":{"line":3,"column":31}},"3":{"start":{"line":4,"column":26},"end":{"line":4,"column":70}},"4":{"start":{"line":7,"column":0},"end":{"line":7,"column":50}},"5":{"start":{"line":10,"column":0},"end":{"line":10,"column":53}},"6":{"start":{"line":12,"column":0},"end":{"line":12,"column":24}}},"fnMap":{},"branchMap":{},"s":{"0":5,"1":5,"2":5,"3":5,"4":5,"5":5,"6":5},"f":{},"b":{},"_coverageSchema":"1a1c01bbd47fc00a2c39e90264f33305004495a9","hash":"4871a856eaba3f89283c04fa79f224577c80980a"}
}
