TN:
SF:src/app.js
FN:15,(anonymous_0)
FN:25,(anonymous_1)
FNF:2
FNH:0
FNDA:0,(anonymous_0)
FNDA:0,(anonymous_1)
DA:1,5
DA:2,5
DA:3,5
DA:4,5
DA:5,5
DA:6,5
DA:8,5
DA:11,5
DA:12,5
DA:15,5
DA:16,0
DA:19,5
DA:20,5
DA:21,5
DA:22,5
DA:25,5
DA:26,0
DA:27,0
DA:30,5
LF:19
LH:16
BRF:0
BRH:0
end_of_record
TN:
SF:src/config/config.js
FNF:0
FNH:0
DA:1,5
LF:1
LH:1
BRF:0
BRH:0
end_of_record
TN:
SF:src/config/db.js
FNF:0
FNH:0
DA:1,5
DA:2,5
DA:4,5
DA:6,5
DA:17,5
LF:5
LH:5
BRDA:4,0,0,5
BRDA:4,0,1,0
BRF:2
BRH:1
end_of_record
TN:
SF:src/controllers/auth.controller.js
FN:7,(anonymous_0)
FN:15,(anonymous_1)
FN:48,(anonymous_2)
FN:65,(anonymous_3)
FNF:4
FNH:3
FNDA:6,(anonymous_0)
FNDA:4,(anonymous_1)
FNDA:5,(anonymous_2)
FNDA:0,(anonymous_3)
DA:1,5
DA:2,5
DA:3,5
DA:5,5
DA:7,5
DA:8,6
DA:15,5
DA:16,4
DA:17,4
DA:19,4
DA:20,4
DA:21,1
DA:24,3
DA:25,3
DA:26,0
DA:29,3
DA:30,3
DA:40,3
DA:41,3
DA:43,0
DA:48,5
DA:49,5
DA:50,5
DA:52,5
DA:53,5
DA:55,4
DA:56,4
DA:58,3
DA:59,3
DA:61,0
DA:65,5
DA:66,0
DA:70,0
LF:33
LH:28
BRDA:5,0,0,5
BRDA:5,0,1,0
BRDA:20,1,0,1
BRDA:20,1,1,3
BRDA:25,2,0,0
BRDA:25,2,1,3
BRDA:53,3,0,1
BRDA:53,3,1,4
BRDA:56,4,0,1
BRDA:56,4,1,3
BRF:10
BRH:8
end_of_record
TN:
SF:src/controllers/cart.controller.js
FN:3,(anonymous_0)
FN:11,(anonymous_1)
FN:18,(anonymous_2)
FN:24,(anonymous_3)
FN:45,(anonymous_4)
FN:59,(anonymous_5)
FN:70,(anonymous_6)
FN:76,(anonymous_7)
FN:89,(anonymous_8)
FNF:9
FNH:8
FNDA:1,(anonymous_0)
FNDA:1,(anonymous_1)
FNDA:1,(anonymous_2)
FNDA:1,(anonymous_3)
FNDA:1,(anonymous_4)
FNDA:1,(anonymous_5)
FNDA:0,(anonymous_6)
FNDA:1,(anonymous_7)
FNDA:1,(anonymous_8)
DA:1,5
DA:3,5
DA:4,1
DA:6,1
DA:11,1
DA:18,1
DA:20,1
DA:24,5
DA:25,1
DA:26,1
DA:28,1
DA:29,1
DA:31,1
DA:32,0
DA:35,1
DA:36,0
DA:37,0
DA:38,0
DA:41,1
DA:42,1
DA:45,5
DA:46,1
DA:47,1
DA:48,1
DA:50,1
DA:52,1
DA:54,1
DA:55,1
DA:56,1
DA:59,5
DA:60,1
DA:61,1
DA:63,1
DA:64,1
DA:66,1
DA:67,1
DA:70,5
DA:71,0
DA:72,0
DA:73,0
DA:76,5
DA:77,1
DA:79,1
DA:80,1
DA:89,1
DA:90,1
DA:93,1
DA:95,0
DA:96,0
LF:49
LH:40
BRDA:26,0,0,0
BRDA:31,1,0,0
BRDA:31,1,1,1
BRDA:35,2,0,0
BRDA:35,2,1,1
BRDA:52,3,0,0
BRDA:52,3,1,1
BRDA:64,4,0,0
BRDA:64,4,1,1
BRDA:90,5,0,1
BRDA:90,5,1,0
BRF:11
BRH:5
end_of_record
TN:
SF:src/controllers/favorite.controller.js
FN:4,(anonymous_0)
FN:20,(anonymous_1)
FN:36,(anonymous_2)
FN:44,(anonymous_3)
FN:52,(anonymous_4)
FNF:5
FNH:4
FNDA:1,(anonymous_0)
FNDA:1,(anonymous_1)
FNDA:1,(anonymous_2)
FNDA:1,(anonymous_3)
FNDA:0,(anonymous_4)
DA:1,5
DA:4,5
DA:5,1
DA:6,1
DA:8,1
DA:9,1
DA:10,1
DA:12,1
DA:13,1
DA:15,0
DA:20,5
DA:21,1
DA:22,1
DA:24,1
DA:25,1
DA:26,1
DA:28,1
DA:29,1
DA:31,0
DA:36,5
DA:37,1
DA:39,1
DA:40,1
DA:44,1
DA:46,0
DA:52,5
DA:53,0
DA:55,0
DA:56,0
DA:57,0
DA:59,0
LF:31
LH:23
BRDA:10,0,0,0
BRDA:10,0,1,1
BRDA:26,1,0,0
BRDA:26,1,1,1
BRF:4
BRH:2
end_of_record
TN:
SF:src/controllers/product.controller.js
FN:5,(anonymous_0)
FN:35,(anonymous_1)
FNF:2
FNH:2
FNDA:1,(anonymous_0)
FNDA:2,(anonymous_1)
DA:1,5
DA:2,5
DA:5,5
DA:6,1
DA:8,1
DA:10,1
DA:11,0
DA:14,1
DA:15,0
DA:21,1
DA:23,1
DA:24,0
DA:25,1
DA:26,0
DA:29,1
DA:31,1
DA:35,5
DA:36,2
DA:37,2
DA:38,2
DA:39,1
DA:41,1
DA:43,0
LF:23
LH:18
BRDA:10,0,0,0
BRDA:10,0,1,1
BRDA:14,1,0,0
BRDA:14,1,1,1
BRDA:14,2,0,1
BRDA:14,2,1,1
BRDA:16,3,0,0
BRDA:16,3,1,0
BRDA:17,4,0,0
BRDA:17,4,1,0
BRDA:23,5,0,0
BRDA:23,5,1,1
BRDA:25,6,0,0
BRDA:25,6,1,1
BRDA:38,7,0,1
BRDA:38,7,1,1
BRF:16
BRH:8
end_of_record
TN:
SF:src/middleware/auth.middleware.js
FN:5,(anonymous_0)
FNF:1
FNH:1
FNDA:8,(anonymous_0)
DA:1,5
DA:3,5
DA:5,5
DA:6,8
DA:8,8
DA:9,0
DA:12,8
DA:14,8
DA:15,0
DA:18,8
DA:19,8
DA:20,8
DA:21,8
DA:23,0
LF:14
LH:11
BRDA:3,0,0,5
BRDA:3,0,1,0
BRDA:8,1,0,0
BRDA:8,1,1,8
BRDA:14,2,0,0
BRDA:14,2,1,8
BRF:6
BRH:3
end_of_record
TN:
SF:src/models/CartItem.js
FNF:0
FNH:0
DA:2,5
DA:3,5
DA:5,5
DA:28,5
LF:4
LH:4
BRF:0
BRH:0
end_of_record
TN:
SF:src/models/Favorite.js
FNF:0
FNH:0
DA:3,5
DA:4,5
DA:6,5
DA:25,5
LF:4
LH:4
BRF:0
BRH:0
end_of_record
TN:
SF:src/models/Product.js
FNF:0
FNH:0
DA:2,5
DA:3,5
DA:5,5
DA:35,5
LF:4
LH:4
BRF:0
BRH:0
end_of_record
TN:
SF:src/models/User.js
FNF:0
FNH:0
DA:1,5
DA:2,5
DA:4,5
DA:43,5
LF:4
LH:4
BRF:0
BRH:0
end_of_record
TN:
SF:src/models/index.js
FNF:0
FNH:0
DA:1,5
DA:2,5
DA:4,5
DA:5,5
DA:6,5
DA:7,5
DA:12,5
DA:25,5
DA:26,5
DA:28,5
DA:29,5
DA:32,5
DA:33,5
DA:35,5
DA:36,5
DA:39,5
LF:16
LH:16
BRF:0
BRH:0
end_of_record
TN:
SF:src/routes/auth.js
FNF:0
FNH:0
DA:1,5
DA:2,5
DA:3,5
DA:4,5
DA:7,5
DA:10,5
DA:13,5
DA:15,5
LF:8
LH:8
BRF:0
BRH:0
end_of_record
TN:
SF:src/routes/cart.js
FNF:0
FNH:0
DA:1,5
DA:2,5
DA:3,5
DA:4,5
DA:6,5
DA:8,5
DA:9,5
DA:10,5
DA:11,5
DA:12,5
DA:13,5
DA:15,5
LF:12
LH:12
BRF:0
BRH:0
end_of_record
TN:
SF:src/routes/favorite.js
FNF:0
FNH:0
DA:1,5
DA:2,5
DA:3,5
DA:4,5
DA:6,5
DA:8,5
DA:9,5
DA:10,5
DA:11,5
DA:13,5
LF:10
LH:10
BRF:0
BRH:0
end_of_record
TN:
SF:src/routes/products.js
FNF:0
FNH:0
DA:1,5
DA:2,5
DA:3,5
DA:4,5
DA:7,5
DA:10,5
DA:12,5
LF:7
LH:7
BRF:0
BRH:0
end_of_record
